<?xml version="1.0" encoding="UTF-8"?>
<robot generator="Robot 6.1.1 (Python 3.11.9 on win32)" generated="20251111 13:33:18.193" rpa="false" schemaversion="4">
<suite id="s1" name="Tests" source="C:\kurssit\ohtu\ohturepo2\osa3\hello-robot\src\tests">
<suite id="s1-s1" name="Increase Counter" source="C:\kurssit\ohtu\ohturepo2\osa3\hello-robot\src\tests\increase_counter.robot">
<test id="s1-s1-t1" name="Increase Counter Once" line="5">
<kw name="Counter Value Should Be" library="CounterLibrary">
<arg>0</arg>
<status status="PASS" starttime="20251111 13:33:18.273" endtime="20251111 13:33:18.273"/>
</kw>
<kw name="Increase Counter" library="CounterLibrary">
<status status="PASS" starttime="20251111 13:33:18.273" endtime="20251111 13:33:18.273"/>
</kw>
<kw name="Counter Value Should Be" library="CounterLibrary">
<arg>1</arg>
<status status="PASS" starttime="20251111 13:33:18.273" endtime="20251111 13:33:18.273"/>
</kw>
<status status="PASS" starttime="20251111 13:33:18.273" endtime="20251111 13:33:18.273"/>
</test>
<test id="s1-s1-t2" name="Increase Counter Many Times" line="10">
<kw name="Counter Value Should Be" library="CounterLibrary">
<arg>0</arg>
<status status="PASS" starttime="20251111 13:33:18.273" endtime="20251111 13:33:18.273"/>
</kw>
<kw name="Increase Counter" library="CounterLibrary">
<status status="PASS" starttime="20251111 13:33:18.273" endtime="20251111 13:33:18.273"/>
</kw>
<kw name="Increase Counter" library="CounterLibrary">
<status status="PASS" starttime="20251111 13:33:18.273" endtime="20251111 13:33:18.273"/>
</kw>
<kw name="Increase Counter" library="CounterLibrary">
<status status="PASS" starttime="20251111 13:33:18.273" endtime="20251111 13:33:18.273"/>
</kw>
<kw name="Counter Value Should Be" library="CounterLibrary">
<arg>3</arg>
<status status="PASS" starttime="20251111 13:33:18.273" endtime="20251111 13:33:18.273"/>
</kw>
<status status="PASS" starttime="20251111 13:33:18.273" endtime="20251111 13:33:18.277"/>
</test>
<test id="s1-s1-t3" name="Increment Counter By Amount" line="17">
<kw name="Counter Value Should Be" library="CounterLibrary">
<arg>0</arg>
<status status="PASS" starttime="20251111 13:33:18.277" endtime="20251111 13:33:18.277"/>
</kw>
<kw name="Increment Counter By" library="CounterLibrary">
<arg>5</arg>
<status status="PASS" starttime="20251111 13:33:18.277" endtime="20251111 13:33:18.278"/>
</kw>
<kw name="Counter Value Should Be" library="CounterLibrary">
<arg>5</arg>
<status status="PASS" starttime="20251111 13:33:18.278" endtime="20251111 13:33:18.278"/>
</kw>
<status status="PASS" starttime="20251111 13:33:18.277" endtime="20251111 13:33:18.278"/>
</test>
<status status="PASS" starttime="20251111 13:33:18.257" endtime="20251111 13:33:18.278"/>
</suite>
<status status="PASS" starttime="20251111 13:33:18.193" endtime="20251111 13:33:18.279"/>
</suite>
<statistics>
<total>
<stat pass="3" fail="0" skip="0">All Tests</stat>
</total>
<tag>
</tag>
<suite>
<stat pass="3" fail="0" skip="0" id="s1" name="Tests">Tests</stat>
<stat pass="3" fail="0" skip="0" id="s1-s1" name="Increase Counter">Tests.Increase Counter</stat>
</suite>
</statistics>
<errors>
</errors>
</robot>
