<?xml version="1.0" encoding="UTF-8"?>
<robot generator="Robot 6.1.1 (Python 3.11.9 on win32)" generated="20251111 15:17:12.338" rpa="false" schemaversion="4">
<suite id="s1" name="Tests" source="C:\kurssit\ohtu\ohturepo2\osa3\login-robot\src\tests">
<suite id="s1-s1" name="Login" source="C:\kurssit\ohtu\ohturepo2\osa3\login-robot\src\tests\login.robot">
<test id="s1-s1-t1" name="Login With Correct Credentials" line="6">
<kw name="Create User And Input Login Command" type="SETUP">
<kw name="Create User" library="AppLibrary">
<arg>kalle</arg>
<arg>kalle123</arg>
<msg timestamp="20251111 15:17:12.484" level="INFO">kalle
kalle123</msg>
<status status="PASS" starttime="20251111 15:17:12.484" endtime="20251111 15:17:12.484"/>
</kw>
<kw name="Input Login Command" library="resource">
<kw name="Input" library="AppLibrary">
<arg>login</arg>
<status status="PASS" starttime="20251111 15:17:12.484" endtime="20251111 15:17:12.486"/>
</kw>
<status status="PASS" starttime="20251111 15:17:12.484" endtime="20251111 15:17:12.486"/>
</kw>
<status status="PASS" starttime="20251111 15:17:12.481" endtime="20251111 15:17:12.486"/>
</kw>
<kw name="Input Credentials" library="resource">
<arg>kalle</arg>
<arg>kalle123</arg>
<kw name="Input" library="AppLibrary">
<arg>${username}</arg>
<status status="PASS" starttime="20251111 15:17:12.486" endtime="20251111 15:17:12.486"/>
</kw>
<kw name="Input" library="AppLibrary">
<arg>${password}</arg>
<status status="PASS" starttime="20251111 15:17:12.487" endtime="20251111 15:17:12.487"/>
</kw>
<kw name="Run Application" library="AppLibrary">
<status status="PASS" starttime="20251111 15:17:12.487" endtime="20251111 15:17:12.487"/>
</kw>
<status status="PASS" starttime="20251111 15:17:12.486" endtime="20251111 15:17:12.487"/>
</kw>
<kw name="Output Should Contain" library="AppLibrary">
<arg>Logged in</arg>
<status status="PASS" starttime="20251111 15:17:12.487" endtime="20251111 15:17:12.487"/>
</kw>
<status status="PASS" starttime="20251111 15:17:12.481" endtime="20251111 15:17:12.487"/>
</test>
<test id="s1-s1-t2" name="Login With Incorrect Password" line="10">
<kw name="Create User And Input Login Command" type="SETUP">
<kw name="Create User" library="AppLibrary">
<arg>kalle</arg>
<arg>kalle123</arg>
<msg timestamp="20251111 15:17:12.490" level="INFO">kalle
kalle123</msg>
<status status="PASS" starttime="20251111 15:17:12.490" endtime="20251111 15:17:12.490"/>
</kw>
<kw name="Input Login Command" library="resource">
<kw name="Input" library="AppLibrary">
<arg>login</arg>
<status status="PASS" starttime="20251111 15:17:12.490" endtime="20251111 15:17:12.490"/>
</kw>
<status status="PASS" starttime="20251111 15:17:12.490" endtime="20251111 15:17:12.490"/>
</kw>
<status status="PASS" starttime="20251111 15:17:12.490" endtime="20251111 15:17:12.490"/>
</kw>
<kw name="Input Credentials" library="resource">
<arg>kalle</arg>
<arg>vaara</arg>
<kw name="Input" library="AppLibrary">
<arg>${username}</arg>
<status status="PASS" starttime="20251111 15:17:12.490" endtime="20251111 15:17:12.490"/>
</kw>
<kw name="Input" library="AppLibrary">
<arg>${password}</arg>
<status status="PASS" starttime="20251111 15:17:12.490" endtime="20251111 15:17:12.490"/>
</kw>
<kw name="Run Application" library="AppLibrary">
<status status="PASS" starttime="20251111 15:17:12.493" endtime="20251111 15:17:12.493"/>
</kw>
<status status="PASS" starttime="20251111 15:17:12.490" endtime="20251111 15:17:12.493"/>
</kw>
<kw name="Output Should Contain" library="AppLibrary">
<arg>Invalid username or password</arg>
<status status="PASS" starttime="20251111 15:17:12.493" endtime="20251111 15:17:12.493"/>
</kw>
<status status="PASS" starttime="20251111 15:17:12.487" endtime="20251111 15:17:12.493"/>
</test>
<test id="s1-s1-t3" name="Login With Nonexistent Username" line="14">
<kw name="Create User And Input Login Command" type="SETUP">
<kw name="Create User" library="AppLibrary">
<arg>kalle</arg>
<arg>kalle123</arg>
<msg timestamp="20251111 15:17:12.495" level="INFO">kalle
kalle123</msg>
<status status="PASS" starttime="20251111 15:17:12.495" endtime="20251111 15:17:12.495"/>
</kw>
<kw name="Input Login Command" library="resource">
<kw name="Input" library="AppLibrary">
<arg>login</arg>
<status status="PASS" starttime="20251111 15:17:12.497" endtime="20251111 15:17:12.497"/>
</kw>
<status status="PASS" starttime="20251111 15:17:12.495" endtime="20251111 15:17:12.497"/>
</kw>
<status status="PASS" starttime="20251111 15:17:12.495" endtime="20251111 15:17:12.497"/>
</kw>
<kw name="Input Credentials" library="resource">
<arg>vaara</arg>
<arg>kalle123</arg>
<kw name="Input" library="AppLibrary">
<arg>${username}</arg>
<status status="PASS" starttime="20251111 15:17:12.497" endtime="20251111 15:17:12.497"/>
</kw>
<kw name="Input" library="AppLibrary">
<arg>${password}</arg>
<status status="PASS" starttime="20251111 15:17:12.497" endtime="20251111 15:17:12.499"/>
</kw>
<kw name="Run Application" library="AppLibrary">
<status status="PASS" starttime="20251111 15:17:12.499" endtime="20251111 15:17:12.499"/>
</kw>
<status status="PASS" starttime="20251111 15:17:12.497" endtime="20251111 15:17:12.499"/>
</kw>
<kw name="Output Should Contain" library="AppLibrary">
<arg>Invalid username or password</arg>
<status status="PASS" starttime="20251111 15:17:12.499" endtime="20251111 15:17:12.499"/>
</kw>
<status status="PASS" starttime="20251111 15:17:12.495" endtime="20251111 15:17:12.499"/>
</test>
<status status="PASS" starttime="20251111 15:17:12.414" endtime="20251111 15:17:12.501"/>
</suite>
<suite id="s1-s2" name="Register" source="C:\kurssit\ohtu\ohturepo2\osa3\login-robot\src\tests\register.robot">
<test id="s1-s2-t1" name="Register With Valid Username And Password" line="7">
<kw name="Start" type="SETUP">
<kw name="Create User" library="AppLibrary">
<arg>testi</arg>
<arg>kalle123</arg>
<msg timestamp="20251111 15:17:12.531" level="INFO">testi
kalle123</msg>
<status status="PASS" starttime="20251111 15:17:12.531" endtime="20251111 15:17:12.531"/>
</kw>
<kw name="Input New Command" library="resource">
<kw name="Input" library="AppLibrary">
<arg>new</arg>
<status status="PASS" starttime="20251111 15:17:12.531" endtime="20251111 15:17:12.531"/>
</kw>
<status status="PASS" starttime="20251111 15:17:12.531" endtime="20251111 15:17:12.531"/>
</kw>
<status status="PASS" starttime="20251111 15:17:12.531" endtime="20251111 15:17:12.531"/>
</kw>
<kw name="Input Test User" library="resource">
<arg>testii</arg>
<arg>testi123</arg>
<kw name="Input" library="AppLibrary">
<arg>${username}</arg>
<status status="PASS" starttime="20251111 15:17:12.531" endtime="20251111 15:17:12.531"/>
</kw>
<kw name="Input" library="AppLibrary">
<arg>${password}</arg>
<status status="PASS" starttime="20251111 15:17:12.531" endtime="20251111 15:17:12.541"/>
</kw>
<kw name="Run Application" library="AppLibrary">
<status status="PASS" starttime="20251111 15:17:12.541" endtime="20251111 15:17:12.541"/>
</kw>
<status status="PASS" starttime="20251111 15:17:12.531" endtime="20251111 15:17:12.541"/>
</kw>
<kw name="Output Should Contain" library="AppLibrary">
<arg>New user registered</arg>
<status status="PASS" starttime="20251111 15:17:12.541" endtime="20251111 15:17:12.541"/>
</kw>
<status status="PASS" starttime="20251111 15:17:12.531" endtime="20251111 15:17:12.541"/>
</test>
<test id="s1-s2-t2" name="Register With Already Taken Username And Valid Password" line="11">
<kw name="Start" type="SETUP">
<kw name="Create User" library="AppLibrary">
<arg>testi</arg>
<arg>kalle123</arg>
<msg timestamp="20251111 15:17:12.543" level="INFO">testi
kalle123</msg>
<status status="PASS" starttime="20251111 15:17:12.543" endtime="20251111 15:17:12.543"/>
</kw>
<kw name="Input New Command" library="resource">
<kw name="Input" library="AppLibrary">
<arg>new</arg>
<status status="PASS" starttime="20251111 15:17:12.543" endtime="20251111 15:17:12.543"/>
</kw>
<status status="PASS" starttime="20251111 15:17:12.543" endtime="20251111 15:17:12.543"/>
</kw>
<status status="PASS" starttime="20251111 15:17:12.543" endtime="20251111 15:17:12.543"/>
</kw>
<kw name="Input Test User" library="resource">
<arg>testi</arg>
<arg>test1</arg>
<kw name="Input" library="AppLibrary">
<arg>${username}</arg>
<status status="PASS" starttime="20251111 15:17:12.543" endtime="20251111 15:17:12.543"/>
</kw>
<kw name="Input" library="AppLibrary">
<arg>${password}</arg>
<status status="PASS" starttime="20251111 15:17:12.543" endtime="20251111 15:17:12.546"/>
</kw>
<kw name="Run Application" library="AppLibrary">
<status status="PASS" starttime="20251111 15:17:12.546" endtime="20251111 15:17:12.546"/>
</kw>
<status status="PASS" starttime="20251111 15:17:12.543" endtime="20251111 15:17:12.546"/>
</kw>
<kw name="Output Should Contain" library="AppLibrary">
<arg>User with username testi already exists</arg>
<status status="PASS" starttime="20251111 15:17:12.546" endtime="20251111 15:17:12.546"/>
</kw>
<status status="PASS" starttime="20251111 15:17:12.542" endtime="20251111 15:17:12.546"/>
</test>
<test id="s1-s2-t3" name="Register With Too Short Username And Valid Password" line="15">
<kw name="Start" type="SETUP">
<kw name="Create User" library="AppLibrary">
<arg>testi</arg>
<arg>kalle123</arg>
<msg timestamp="20251111 15:17:12.550" level="INFO">testi
kalle123</msg>
<status status="PASS" starttime="20251111 15:17:12.549" endtime="20251111 15:17:12.550"/>
</kw>
<kw name="Input New Command" library="resource">
<kw name="Input" library="AppLibrary">
<arg>new</arg>
<status status="PASS" starttime="20251111 15:17:12.550" endtime="20251111 15:17:12.550"/>
</kw>
<status status="PASS" starttime="20251111 15:17:12.550" endtime="20251111 15:17:12.550"/>
</kw>
<status status="PASS" starttime="20251111 15:17:12.549" endtime="20251111 15:17:12.550"/>
</kw>
<kw name="Input Test User" library="resource">
<arg>a</arg>
<arg>testi</arg>
<kw name="Input" library="AppLibrary">
<arg>${username}</arg>
<status status="PASS" starttime="20251111 15:17:12.550" endtime="20251111 15:17:12.552"/>
</kw>
<kw name="Input" library="AppLibrary">
<arg>${password}</arg>
<status status="PASS" starttime="20251111 15:17:12.552" endtime="20251111 15:17:12.552"/>
</kw>
<kw name="Run Application" library="AppLibrary">
<status status="PASS" starttime="20251111 15:17:12.552" endtime="20251111 15:17:12.552"/>
</kw>
<status status="PASS" starttime="20251111 15:17:12.550" endtime="20251111 15:17:12.552"/>
</kw>
<kw name="Output Should Contain" library="AppLibrary">
<arg>Username needs to be atleast 3 characters long and use characters a-z</arg>
<status status="PASS" starttime="20251111 15:17:12.552" endtime="20251111 15:17:12.552"/>
</kw>
<status status="PASS" starttime="20251111 15:17:12.549" endtime="20251111 15:17:12.552"/>
</test>
<test id="s1-s2-t4" name="Register With Enough Long But Invalid Username And Valid Password" line="19">
<kw name="Start" type="SETUP">
<kw name="Create User" library="AppLibrary">
<arg>testi</arg>
<arg>kalle123</arg>
<msg timestamp="20251111 15:17:12.555" level="INFO">testi
kalle123</msg>
<status status="PASS" starttime="20251111 15:17:12.555" endtime="20251111 15:17:12.555"/>
</kw>
<kw name="Input New Command" library="resource">
<kw name="Input" library="AppLibrary">
<arg>new</arg>
<status status="PASS" starttime="20251111 15:17:12.555" endtime="20251111 15:17:12.555"/>
</kw>
<status status="PASS" starttime="20251111 15:17:12.555" endtime="20251111 15:17:12.555"/>
</kw>
<status status="PASS" starttime="20251111 15:17:12.555" endtime="20251111 15:17:12.555"/>
</kw>
<kw name="Input Test User" library="resource">
<arg>aa1</arg>
<arg>testi</arg>
<kw name="Input" library="AppLibrary">
<arg>${username}</arg>
<status status="PASS" starttime="20251111 15:17:12.555" endtime="20251111 15:17:12.555"/>
</kw>
<kw name="Input" library="AppLibrary">
<arg>${password}</arg>
<status status="PASS" starttime="20251111 15:17:12.555" endtime="20251111 15:17:12.555"/>
</kw>
<kw name="Run Application" library="AppLibrary">
<status status="PASS" starttime="20251111 15:17:12.555" endtime="20251111 15:17:12.558"/>
</kw>
<status status="PASS" starttime="20251111 15:17:12.555" endtime="20251111 15:17:12.558"/>
</kw>
<kw name="Output Should Contain" library="AppLibrary">
<arg>Username needs to be atleast 3 characters long and use characters a-z</arg>
<status status="PASS" starttime="20251111 15:17:12.558" endtime="20251111 15:17:12.558"/>
</kw>
<status status="PASS" starttime="20251111 15:17:12.554" endtime="20251111 15:17:12.558"/>
</test>
<test id="s1-s2-t5" name="Register With Valid Username And Too Short Password" line="23">
<kw name="Start" type="SETUP">
<kw name="Create User" library="AppLibrary">
<arg>testi</arg>
<arg>kalle123</arg>
<msg timestamp="20251111 15:17:12.562" level="INFO">testi
kalle123</msg>
<status status="PASS" starttime="20251111 15:17:12.562" endtime="20251111 15:17:12.562"/>
</kw>
<kw name="Input New Command" library="resource">
<kw name="Input" library="AppLibrary">
<arg>new</arg>
<status status="PASS" starttime="20251111 15:17:12.562" endtime="20251111 15:17:12.562"/>
</kw>
<status status="PASS" starttime="20251111 15:17:12.562" endtime="20251111 15:17:12.562"/>
</kw>
<status status="PASS" starttime="20251111 15:17:12.562" endtime="20251111 15:17:12.562"/>
</kw>
<kw name="Input Test User" library="resource">
<arg>toimii</arg>
<arg>lyh</arg>
<kw name="Input" library="AppLibrary">
<arg>${username}</arg>
<status status="PASS" starttime="20251111 15:17:12.562" endtime="20251111 15:17:12.562"/>
</kw>
<kw name="Input" library="AppLibrary">
<arg>${password}</arg>
<status status="PASS" starttime="20251111 15:17:12.562" endtime="20251111 15:17:12.565"/>
</kw>
<kw name="Run Application" library="AppLibrary">
<status status="PASS" starttime="20251111 15:17:12.565" endtime="20251111 15:17:12.565"/>
</kw>
<status status="PASS" starttime="20251111 15:17:12.562" endtime="20251111 15:17:12.565"/>
</kw>
<kw name="Output Should Contain" library="AppLibrary">
<arg>Password needs to be atleast 5 chars and not be only letters</arg>
<status status="PASS" starttime="20251111 15:17:12.565" endtime="20251111 15:17:12.565"/>
</kw>
<status status="PASS" starttime="20251111 15:17:12.558" endtime="20251111 15:17:12.565"/>
</test>
<test id="s1-s2-t6" name="Register With Valid Username And Long Enough Password Containing Only Letters" line="27">
<kw name="Start" type="SETUP">
<kw name="Create User" library="AppLibrary">
<arg>testi</arg>
<arg>kalle123</arg>
<msg timestamp="20251111 15:17:12.568" level="INFO">testi
kalle123</msg>
<status status="PASS" starttime="20251111 15:17:12.568" endtime="20251111 15:17:12.568"/>
</kw>
<kw name="Input New Command" library="resource">
<kw name="Input" library="AppLibrary">
<arg>new</arg>
<status status="PASS" starttime="20251111 15:17:12.569" endtime="20251111 15:17:12.569"/>
</kw>
<status status="PASS" starttime="20251111 15:17:12.568" endtime="20251111 15:17:12.569"/>
</kw>
<status status="PASS" starttime="20251111 15:17:12.568" endtime="20251111 15:17:12.569"/>
</kw>
<kw name="Input Test User" library="resource">
<arg>toimii</arg>
<arg>aaaaa</arg>
<kw name="Input" library="AppLibrary">
<arg>${username}</arg>
<status status="PASS" starttime="20251111 15:17:12.569" endtime="20251111 15:17:12.569"/>
</kw>
<kw name="Input" library="AppLibrary">
<arg>${password}</arg>
<status status="PASS" starttime="20251111 15:17:12.571" endtime="20251111 15:17:12.571"/>
</kw>
<kw name="Run Application" library="AppLibrary">
<status status="PASS" starttime="20251111 15:17:12.571" endtime="20251111 15:17:12.571"/>
</kw>
<status status="PASS" starttime="20251111 15:17:12.569" endtime="20251111 15:17:12.571"/>
</kw>
<kw name="Output Should Contain" library="AppLibrary">
<arg>Password needs to be atleast 5 chars and not be only letters</arg>
<status status="PASS" starttime="20251111 15:17:12.571" endtime="20251111 15:17:12.571"/>
</kw>
<status status="PASS" starttime="20251111 15:17:12.565" endtime="20251111 15:17:12.571"/>
</test>
<status status="PASS" starttime="20251111 15:17:12.504" endtime="20251111 15:17:12.573"/>
</suite>
<status status="PASS" starttime="20251111 15:17:12.345" endtime="20251111 15:17:12.576"/>
</suite>
<statistics>
<total>
<stat pass="9" fail="0" skip="0">All Tests</stat>
</total>
<tag>
</tag>
<suite>
<stat pass="9" fail="0" skip="0" id="s1" name="Tests">Tests</stat>
<stat pass="3" fail="0" skip="0" id="s1-s1" name="Login">Tests.Login</stat>
<stat pass="6" fail="0" skip="0" id="s1-s2" name="Register">Tests.Register</stat>
</suite>
</statistics>
<errors>
</errors>
</robot>
